#-----------------------------------------------------------
# Vivado v2016.4 (64-bit)
# SW Build 1756540 on Mon Jan 23 19:11:23 MST 2017
# IP Build 1755317 on Mon Jan 23 20:30:07 MST 2017
# Start of session at: Mon Jan 15 00:52:00 2024
# Process ID: 26028
# Current directory: C:/Users/Cosmin Gherman/Desktop/SSC_lab/SSC_proiect2
# Command line: vivado.exe -gui_launcher_event rodinguilauncherevent7732 C:\Users\Cosmin Gherman\Desktop\SSC_lab\SSC_proiect2\SSC_proiect2.xpr
# Log file: C:/Users/Cosmin Gherman/Desktop/SSC_lab/SSC_proiect2/vivado.log
# Journal file: C:/Users/Cosmin Gherman/Desktop/SSC_lab/SSC_proiect2\vivado.jou
#-----------------------------------------------------------
start_gui
open_project {C:/Users/Cosmin Gherman/Desktop/SSC_lab/SSC_proiect2/SSC_proiect2.xpr}
Scanning sources...
Finished scanning sources
INFO: [IP_Flow 19-234] Refreshing IP repositories
INFO: [IP_Flow 19-1704] No user IP repositories specified
INFO: [IP_Flow 19-2313] Loaded Vivado IP repository 'D:/Vivado/2016.4/data/ip'.
exit
INFO: [Common 17-206] Exiting Vivado at Mon Jan 15 01:44:34 2024...
